\BOOKMARK [1][-]{section.1}{Introduction}{}% 1
\BOOKMARK [1][-]{section.2}{Multi-objective optimization using evolutionary algorithms}{}% 2
\BOOKMARK [2][-]{subsection.2.1}{NSGA-II: Nondominated Sorting Genetic Algorithm II}{section.2}% 3
\BOOKMARK [2][-]{subsection.2.2}{SPEA2: Strength Pareto Evolutionary Algorithm}{section.2}% 4
\BOOKMARK [2][-]{subsection.2.3}{PAES: Pareto Archived Evolution Strategy}{section.2}% 5
\BOOKMARK [2][-]{subsection.2.4}{MOEA/D: A Multiobjective Evolutionary Algorithm Based on Decomposition}{section.2}% 6
\BOOKMARK [2][-]{subsection.2.5}{Comparing Multi-Objective Metaheuristics}{section.2}% 7
\BOOKMARK [2][-]{subsection.2.6}{Noise Reduction}{section.2}% 8
\BOOKMARK [1][-]{section.3}{Improving Stress Search Based Testing using Hybrid Metaheuristic Approach}{}% 9
\BOOKMARK [2][-]{subsection.3.1}{Representation}{section.3}% 10
\BOOKMARK [2][-]{subsection.3.2}{Initial population}{section.3}% 11
\BOOKMARK [2][-]{subsection.3.3}{Objective \(fitness\) function}{section.3}% 12
\BOOKMARK [1][-]{section.4}{Perfomance Comparison}{}% 13
\BOOKMARK [2][-]{subsection.4.1}{Experiment Research Questions}{section.4}% 14
\BOOKMARK [2][-]{subsection.4.2}{Variables}{section.4}% 15
\BOOKMARK [2][-]{subsection.4.3}{Experiment Hypotheses}{section.4}% 16
\BOOKMARK [2][-]{subsection.4.4}{Experiment Results}{section.4}% 17
\BOOKMARK [2][-]{subsection.4.5}{Experiment Conclusion}{section.4}% 18
\BOOKMARK [2][-]{subsection.4.6}{Threats to Validity}{section.4}% 19
\BOOKMARK [1][-]{section.5}{Conclusion}{}% 20
